
**** Build of configuration Debug for project LoRa ****

"C:\\ti\\ccs1020\\ccs\\utils\\bin\\gmake" -k -j 4 all -O 
 
Building file: "../main.c"
Invoking: MSP430 Compiler
"C:/ti/ccs1020/ccs/tools/compiler/ti-cgt-msp430_20.2.2.LTS/bin/cl430" -vmspx --use_hw_mpy=F5 --include_path="C:/ti/ccs1020/ccs/ccs_base/msp430/include" --include_path="D:/GitHub/MSGC/LoRa/FlightFirmware/workspace_v10/LoRa" --include_path="C:/ti/ccs1020/ccs/tools/compiler/ti-cgt-msp430_20.2.2.LTS/include" --advice:power=all --advice:hw_config=all --define=__MSP430FR2355__ --define=_FRWP_ENABLE --define=_INFO_FRWP_ENABLE -g --printf_support=minimal --diag_warning=225 --diag_wrap=off --display_error_number --silicon_errata=CPU21 --silicon_errata=CPU22 --silicon_errata=CPU40 --preproc_with_compile --preproc_dependency="main.d_raw"  "../main.c"
Finished building: "../main.c"
 
Building target: "LoRa.out"
Invoking: MSP430 Linker
"C:/ti/ccs1020/ccs/tools/compiler/ti-cgt-msp430_20.2.2.LTS/bin/cl430" -vmspx --use_hw_mpy=F5 --advice:power=all --advice:hw_config=all --define=__MSP430FR2355__ --define=_FRWP_ENABLE --define=_INFO_FRWP_ENABLE -g --printf_support=minimal --diag_warning=225 --diag_wrap=off --display_error_number --silicon_errata=CPU21 --silicon_errata=CPU22 --silicon_errata=CPU40 -z -m"LoRa.map" --heap_size=160 --stack_size=160 --cinit_hold_wdt=on -i"C:/ti/ccs1020/ccs/ccs_base/msp430/include" -i"C:/ti/ccs1020/ccs/ccs_base/msp430/lib/FR2xx" -i"C:/ti/ccs1020/ccs/tools/compiler/ti-cgt-msp430_20.2.2.LTS/lib" -i"C:/ti/ccs1020/ccs/tools/compiler/ti-cgt-msp430_20.2.2.LTS/include" --priority --reread_libs --define=_FRWP_ENABLE --define=_INFO_FRWP_ENABLE --diag_wrap=off --display_error_number --warn_sections --xml_link_info="LoRa_linkInfo.xml" --use_hw_mpy=F5 --rom_model -o "LoRa.out" "./main.obj" "../lnk_msp430fr2355.cmd"  -lfrwp_init.a -llibc.a 
<Linking>
warning #10420-D: For FRAM devices, at start up, the GPIO power-on default high-impedance mode needs to be disabled to activate previously configured port settings. This can be done by clearing the LOCKLPM5 bit in PM5CTL0 register.
remark #10371-D: (ULP 1.1) Detected no uses of low power mode state changing instructions
remark #10372-D: (ULP 4.1) Detected uninitialized Port 1 in this project. Recommend initializing all unused ports to eliminate wasted current consumption on unused pins.
remark #10372-D: (ULP 4.1) Detected uninitialized Port 2 in this project. Recommend initializing all unused ports to eliminate wasted current consumption on unused pins.
remark #10372-D: (ULP 4.1) Detected uninitialized Port 3 in this project. Recommend initializing all unused ports to eliminate wasted current consumption on unused pins.
remark #10372-D: (ULP 4.1) Detected uninitialized Port 4 in this project. Recommend initializing all unused ports to eliminate wasted current consumption on unused pins.
remark #10372-D: (ULP 4.1) Detected uninitialized Port 5 in this project. Recommend initializing all unused ports to eliminate wasted current consumption on unused pins.
remark #10372-D: (ULP 4.1) Detected uninitialized Port 6 in this project. Recommend initializing all unused ports to eliminate wasted current consumption on unused pins.
remark #10372-D: (ULP 4.1) Detected uninitialized Port 7 in this project. Recommend initializing all unused ports to eliminate wasted current consumption on unused pins.
remark #10372-D: (ULP 4.1) Detected uninitialized Port 8 in this project. Recommend initializing all unused ports to eliminate wasted current consumption on unused pins.
remark #10372-D: (ULP 4.1) Detected uninitialized Port 9 in this project. Recommend initializing all unused ports to eliminate wasted current consumption on unused pins.
remark #10372-D: (ULP 4.1) Detected uninitialized Port 10 in this project. Recommend initializing all unused ports to eliminate wasted current consumption on unused pins.
remark #10372-D: (ULP 4.1) Detected uninitialized Port A in this project. Recommend initializing all unused ports to eliminate wasted current consumption on unused pins.
remark #10372-D: (ULP 4.1) Detected uninitialized Port B in this project. Recommend initializing all unused ports to eliminate wasted current consumption on unused pins.
remark #10372-D: (ULP 4.1) Detected uninitialized Port C in this project. Recommend initializing all unused ports to eliminate wasted current consumption on unused pins.
remark #10372-D: (ULP 4.1) Detected uninitialized Port D in this project. Recommend initializing all unused ports to eliminate wasted current consumption on unused pins.
remark #10372-D: (ULP 4.1) Detected uninitialized Port E in this project. Recommend initializing all unused ports to eliminate wasted current consumption on unused pins.
remark #10422-D: (ULP 6.2) Detected use of a device with available 32-bit hardware multiplier and not also using MSPMATHLIB library (libmath.a).  Recommend using MSPMATHLIB library (libmath.a) for improved performance.
Finished building target: "LoRa.out"
 

**** Build Finished ****
